Arguments: 
  /usr/local/bin/node /home/alex/.yarn/bin/yarn.js add spawn

PATH: 
  /home/alex/.yarn/bin:/home/alex/.config/yarn/global/node_modules/.bin:/home/alex/crypto/grin/target/release:/home/alex/crypto/grin-miner/target/debug:/home/alex/.cargo/bin:/home/alex/bin:/home/alex/.npm-global/bin:/home/alex/.local/bin:/usr/local/sbin:/usr/local/bin:/usr/sbin:/usr/bin:/sbin:/bin:/usr/games:/usr/local/games:/snap/bin:/snap/bin:/usr/local/go/bin:/home/alex/go/bin

Yarn version: 
  1.22.5

Node version: 
  14.15.4

Platform: 
  linux x64

Trace: 
  Error: https://github.com/mirkok/node-webworker/tarball/master: Request failed "404 Not Found"
      at ResponseError.ExtendableBuiltin (/home/alex/.yarn/lib/cli.js:696:66)
      at new ResponseError (/home/alex/.yarn/lib/cli.js:802:124)
      at Request.<anonymous> (/home/alex/.yarn/lib/cli.js:67058:16)
      at Request.emit (events.js:315:20)
      at Request.module.exports.Request.onRequestResponse (/home/alex/.yarn/lib/cli.js:141626:10)
      at ClientRequest.emit (events.js:315:20)
      at HTTPParser.parserOnIncomingClient (_http_client.js:641:27)
      at HTTPParser.parserOnHeadersComplete (_http_common.js:126:17)
      at TLSSocket.socketOnData (_http_client.js:509:22)
      at TLSSocket.emit (events.js:315:20)

npm manifest: 
  {
    "name": "pocket-keygen",
    "version": "1.0.0",
    "description": "Generate Pocket accounts",
    "main": "index.js",
    "scripts": {
      "start": "node dist/index.js",
      "build": "rm -rf dist/ && tsc"
    },
    "repository": "https://github.com/nymd/pocket-keygen",
    "license": "MIT",
    "dependencies": {
      "typescript": "^4.2.2"
    }
  }

yarn manifest: 
  No manifest

Lockfile: 
  # THIS IS AN AUTOGENERATED FILE. DO NOT EDIT THIS FILE DIRECTLY.
  # yarn lockfile v1
  
  
  typescript@^4.2.2:
    version "4.2.2"
    resolved "https://registry.yarnpkg.com/typescript/-/typescript-4.2.2.tgz#1450f020618f872db0ea17317d16d8da8ddb8c4c"
    integrity sha512-tbb+NVrLfnsJy3M59lsDgrzWIflR4d4TIUjz+heUnHZwdF7YsrMTKoRERiIvI2lvBG95dfpLxB21WZhys1bgaQ==
